<?xml version="1.0" encoding="UTF-8"?>
<!-- Generated by org.testng.reporters.JUnitReportReporter -->
<testsuite hostname="DESKTOP-PSPSINS" failures="0" tests="4" name="com.testScenarios.GymSubMenuItems" time="7.413" errors="0" timestamp="2022-04-19T19:11:01 IST" skipped="0">
  <testcase classname="com.testScenarios.GymSubMenuItems" name="clickFitnessLink" time="2.115"/>
  <system-out/>
  <testcase classname="com.testScenarios.GymSubMenuItems" name="clickGymLink" time="1.072"/>
  <system-out/>
  <testcase classname="com.testScenarios.GymSubMenuItems" name="subItems" time="1.424"/>
  <system-out/>
  <testcase classname="com.testScenarios.GymSubMenuItems" name="backToHome" time="2.802"/>
  <system-out/>
</testsuite> <!-- com.testScenarios.GymSubMenuItems -->
