<?xml version="1.0" encoding="UTF-8"?>
<!-- Generated by org.testng.reporters.JUnitReportReporter -->
<testsuite hostname="DESKTOP-PSPSINS" failures="0" tests="3" name="com.testScenarios.FreeListing" time="8.423" errors="0" timestamp="2022-04-19T19:11:01 IST" skipped="0">
  <testcase classname="com.testScenarios.FreeListing" name="clickFreeListingLink" time="3.642"/>
  <system-out/>
  <testcase classname="com.testScenarios.FreeListing" name="fillFormValues" time="1.432"/>
  <system-out/>
  <testcase classname="com.testScenarios.FreeListing" name="submitForm" time="3.349"/>
  <system-out/>
</testsuite> <!-- com.testScenarios.FreeListing -->
