<?xml version="1.0" encoding="UTF-8"?>
<!-- Generated by org.testng.reporters.JUnitReportReporter -->
<testsuite hostname="DESKTOP-PSPSINS" failures="0" tests="2" name="com.testScenarios.BasicFunctionalityTest" time="1.995" errors="0" timestamp="2022-10-26T21:54:54 IST" skipped="0">
  <testcase classname="com.testScenarios.BasicFunctionalityTest" name="verifyHomeTitle" time="0.348"/>
  <system-out/>
  <testcase classname="com.testScenarios.BasicFunctionalityTest" name="navigateToFreeListing" time="1.647"/>
  <system-out/>
</testsuite> <!-- com.testScenarios.BasicFunctionalityTest -->
