<?xml version="1.0" encoding="UTF-8"?>
<!-- Generated by org.testng.reporters.JUnitReportReporter -->
<testsuite hostname="DESKTOP-PSPSINS" failures="0" tests="9" name="com.testScenarios.CarWashServices" time="33.466" errors="0" timestamp="2022-04-19T19:11:01 IST" skipped="0">
  <testcase classname="com.testScenarios.CarWashServices" name="verifyHomeTitle" time="0.254"/>
  <system-out/>
  <testcase classname="com.testScenarios.CarWashServices" name="clickLocationButton" time="0.109"/>
  <system-out/>
  <testcase classname="com.testScenarios.CarWashServices" name="chooseLocation" time="0.485"/>
  <system-out/>
  <testcase classname="com.testScenarios.CarWashServices" name="clickSearchTextBox" time="0.236"/>
  <system-out/>
  <testcase classname="com.testScenarios.CarWashServices" name="enterService" time="0.340"/>
  <system-out/>
  <testcase classname="com.testScenarios.CarWashServices" name="clickSearchButton" time="4.592"/>
  <system-out/>
  <testcase classname="com.testScenarios.CarWashServices" name="verifyCarWashingTitle" time="0.264"/>
  <system-out/>
  <testcase classname="com.testScenarios.CarWashServices" name="getSearchResults" time="9.930"/>
  <system-out/>
  <testcase classname="com.testScenarios.CarWashServices" name="returnToHomePage" time="17.256"/>
  <system-out/>
</testsuite> <!-- com.testScenarios.CarWashServices -->
