<?xml version="1.0" encoding="UTF-8"?>
<!-- Generated by org.testng.reporters.JUnitReportReporter -->
<testsuite hostname="DESKTOP-QE3CFHF" failures="0" tests="3" name="com.testScenarios.FreeListing" time="10.667" errors="0" timestamp="2021-05-27T21:35:24 IST" skipped="0">
  <testcase classname="com.testScenarios.FreeListing" name="clickFreeListingLink" time="3.625"/>
  <system-out/>
  <testcase classname="com.testScenarios.FreeListing" name="fillFormValues" time="3.163"/>
  <system-out/>
  <testcase classname="com.testScenarios.FreeListing" name="submitForm" time="3.879"/>
  <system-out/>
</testsuite> <!-- com.testScenarios.FreeListing -->
