<?xml version="1.0" encoding="UTF-8"?>
<!-- Generated by org.testng.reporters.JUnitReportReporter -->
<testsuite hostname="DESKTOP-QE3CFHF" failures="0" tests="9" name="com.testScenarios.CarWashServices" time="43.343" errors="0" timestamp="2021-05-27T21:35:24 IST" skipped="0">
  <testcase classname="com.testScenarios.CarWashServices" name="verifyHomeTitle" time="0.587"/>
  <system-out/>
  <testcase classname="com.testScenarios.CarWashServices" name="clickLocationButton" time="0.239"/>
  <system-out/>
  <testcase classname="com.testScenarios.CarWashServices" name="chooseLocation" time="0.931"/>
  <system-out/>
  <testcase classname="com.testScenarios.CarWashServices" name="clickSearchTextBox" time="0.566"/>
  <system-out/>
  <testcase classname="com.testScenarios.CarWashServices" name="enterService" time="1.033"/>
  <system-out/>
  <testcase classname="com.testScenarios.CarWashServices" name="clickSearchButton" time="5.504"/>
  <system-out/>
  <testcase classname="com.testScenarios.CarWashServices" name="verifyCarWashingTitle" time="1.665"/>
  <system-out/>
  <testcase classname="com.testScenarios.CarWashServices" name="getSearchResults" time="29.267"/>
  <system-out/>
  <testcase classname="com.testScenarios.CarWashServices" name="returnToHomePage" time="3.551"/>
  <system-out/>
</testsuite> <!-- com.testScenarios.CarWashServices -->
