<?xml version="1.0" encoding="UTF-8"?>
<!-- Generated by org.testng.reporters.JUnitReportReporter -->
<testsuite hostname="DESKTOP-QE3CFHF" failures="0" tests="4" name="com.testScenarios.BasicFunctionalityTest" time="20.355" errors="0" timestamp="2021-05-27T21:35:24 IST" skipped="0">
  <testcase classname="com.testScenarios.BasicFunctionalityTest" name="verifyHomeTitle" time="0.760"/>
  <system-out/>
  <testcase classname="com.testScenarios.BasicFunctionalityTest" name="navigateToFreeListing" time="6.132"/>
  <system-out/>
  <testcase classname="com.testScenarios.BasicFunctionalityTest" name="navigateToCustomerCare" time="6.426"/>
  <system-out/>
  <testcase classname="com.testScenarios.BasicFunctionalityTest" name="navigateToSocial" time="7.037"/>
  <system-out/>
</testsuite> <!-- com.testScenarios.BasicFunctionalityTest -->
