<?xml version="1.0" encoding="UTF-8"?>
<!-- Generated by org.testng.reporters.JUnitReportReporter -->
<testsuite hostname="DESKTOP-QE3CFHF" failures="0" tests="4" name="com.testScenarios.GymSubMenuItems" time="12.280" errors="0" timestamp="2021-05-27T21:35:24 IST" skipped="0">
  <testcase classname="com.testScenarios.GymSubMenuItems" name="clickFitnessLink" time="3.405"/>
  <system-out/>
  <testcase classname="com.testScenarios.GymSubMenuItems" name="clickGymLink" time="2.591"/>
  <system-out/>
  <testcase classname="com.testScenarios.GymSubMenuItems" name="subItems" time="1.766"/>
  <system-out/>
  <testcase classname="com.testScenarios.GymSubMenuItems" name="backToHome" time="4.518"/>
  <system-out/>
</testsuite> <!-- com.testScenarios.GymSubMenuItems -->
